<?xml version="1.0" encoding="UTF-8"?>
<!-- Generated by org.testng.reporters.JUnitXMLReporter -->
<testsuite ignored="0" hostname="DESKTOP-JAM393F" failures="0" tests="4" name="projectTest" time="9.194" errors="0" timestamp="2023-08-23T12:12:43 IST">
  <testcase classname="api.test.UserTests" name="testPostUser" time="3.47"/>
  <testcase classname="api.test.UserTests" name="testGetUser" time="1.148"/>
  <testcase classname="api.test.UserTests" name="testUpdateUser" time="2.174"/>
  <testcase classname="api.test.UserTests" name="testDeletUser" time="1.114"/>
</testsuite> <!-- projectTest -->
