<?xml version="1.0" encoding="UTF-8"?>
<testng-results ignored="0" total="4" passed="4" failed="0" skipped="0">
  <reporter-output>
  </reporter-output>
  <suite started-at="2023-08-23T12:12:33 IST" name="prpjectSuite" finished-at="2023-08-23T12:12:42 IST" duration-ms="9194">
    <groups>
    </groups>
    <test started-at="2023-08-23T12:12:33 IST" name="projectTest" finished-at="2023-08-23T12:12:42 IST" duration-ms="9194">
      <class name="api.test.UserTests">
        <test-method is-config="true" signature="setupData()[pri:0, instance:api.test.UserTests@2a4fb17b]" started-at="2023-08-23T12:12:34 IST" name="setupData" finished-at="2023-08-23T12:12:35 IST" duration-ms="866" status="PASS">
          <reporter-output>
          </reporter-output>
        </test-method> <!-- setupData -->
        <test-method signature="testPostUser()[pri:1, instance:api.test.UserTests@2a4fb17b]" started-at="2023-08-23T12:12:35 IST" name="testPostUser" finished-at="2023-08-23T12:12:38 IST" duration-ms="3470" status="PASS">
          <reporter-output>
          </reporter-output>
        </test-method> <!-- testPostUser -->
        <test-method signature="testGetUser()[pri:2, instance:api.test.UserTests@2a4fb17b]" started-at="2023-08-23T12:12:38 IST" name="testGetUser" finished-at="2023-08-23T12:12:39 IST" duration-ms="1148" status="PASS">
          <reporter-output>
          </reporter-output>
        </test-method> <!-- testGetUser -->
        <test-method signature="testUpdateUser()[pri:3, instance:api.test.UserTests@2a4fb17b]" started-at="2023-08-23T12:12:39 IST" name="testUpdateUser" finished-at="2023-08-23T12:12:41 IST" duration-ms="2174" status="PASS">
          <reporter-output>
          </reporter-output>
        </test-method> <!-- testUpdateUser -->
        <test-method signature="testDeletUser()[pri:4, instance:api.test.UserTests@2a4fb17b]" started-at="2023-08-23T12:12:41 IST" name="testDeletUser" finished-at="2023-08-23T12:12:42 IST" duration-ms="1114" status="PASS">
          <reporter-output>
          </reporter-output>
        </test-method> <!-- testDeletUser -->
      </class> <!-- api.test.UserTests -->
    </test> <!-- projectTest -->
  </suite> <!-- prpjectSuite -->
</testng-results>
